{"/home/thiagoananias/code/pessoal/claims-service/src/application/services/get_claim_by_id_service.ts": {"path":"/home/thiagoananias/code/pessoal/claims-service/src/application/services/get_claim_by_id_service.ts","statementMap":{"0":{"start":{"line":4,"column":31},"end":{"line":4,"column":57}},"1":{"start":{"line":7,"column":4},"end":{"line":9,"column":5}},"2":{"start":{"line":8,"column":6},"end":{"line":8,"column":41}},"3":{"start":{"line":11,"column":18},"end":{"line":11,"column":46}},"4":{"start":{"line":12,"column":4},"end":{"line":16,"column":5}},"5":{"start":{"line":13,"column":18},"end":{"line":13,"column":46}},"6":{"start":{"line":14,"column":7},"end":{"line":14,"column":30}},"7":{"start":{"line":15,"column":6},"end":{"line":15,"column":16}},"8":{"start":{"line":18,"column":4},"end":{"line":18,"column":17}},"9":{"start":{"line":3,"column":0},"end":{"line":3,"column":13}}},"fnMap":{"0":{"name":"(anonymous_0)","decl":{"start":{"line":4,"column":2},"end":{"line":4,"column":31}},"loc":{"start":{"line":4,"column":57},"end":{"line":4,"column":61}}},"1":{"name":"(anonymous_1)","decl":{"start":{"line":6,"column":2},"end":{"line":6,"column":7}},"loc":{"start":{"line":6,"column":38},"end":{"line":19,"column":3}}}},"branchMap":{"0":{"loc":{"start":{"line":7,"column":4},"end":{"line":9,"column":5}},"type":"if","locations":[{"start":{"line":7,"column":4},"end":{"line":9,"column":5}},{"start":{},"end":{}}]},"1":{"loc":{"start":{"line":12,"column":4},"end":{"line":16,"column":5}},"type":"if","locations":[{"start":{"line":12,"column":4},"end":{"line":16,"column":5}},{"start":{},"end":{}}]}},"s":{"0":3,"1":3,"2":1,"3":2,"4":2,"5":1,"6":1,"7":1,"8":1,"9":1},"f":{"0":3,"1":3},"b":{"0":[1,2],"1":[1,1]}}
,"/home/thiagoananias/code/pessoal/claims-service/src/application/services/ingest_claims_service.ts": {"path":"/home/thiagoananias/code/pessoal/claims-service/src/application/services/ingest_claims_service.ts","statementMap":{"0":{"start":{"line":3,"column":0},"end":{"line":3,"column":77}},"1":{"start":{"line":4,"column":0},"end":{"line":4,"column":72}},"2":{"start":{"line":15,"column":21},"end":{"line":15,"column":47}},"3":{"start":{"line":16,"column":21},"end":{"line":16,"column":33}},"4":{"start":{"line":20,"column":17},"end":{"line":20,"column":52}},"5":{"start":{"line":22,"column":33},"end":{"line":22,"column":35}},"6":{"start":{"line":23,"column":60},"end":{"line":23,"column":62}},"7":{"start":{"line":25,"column":4},"end":{"line":35,"column":7}},"8":{"start":{"line":26,"column":25},"end":{"line":26,"column":60}},"9":{"start":{"line":27,"column":6},"end":{"line":34,"column":7}},"10":{"start":{"line":28,"column":8},"end":{"line":31,"column":11}},"11":{"start":{"line":32,"column":13},"end":{"line":34,"column":7}},"12":{"start":{"line":33,"column":8},"end":{"line":33,"column":43}},"13":{"start":{"line":37,"column":4},"end":{"line":37,"column":42}},"14":{"start":{"line":39,"column":4},"end":{"line":43,"column":6}},"15":{"start":{"line":13,"column":0},"end":{"line":13,"column":13}}},"fnMap":{"0":{"name":"(anonymous_0)","decl":{"start":{"line":14,"column":2},"end":{"line":14,"column":null}},"loc":{"start":{"line":16,"column":33},"end":{"line":17,"column":6}}},"1":{"name":"(anonymous_1)","decl":{"start":{"line":19,"column":2},"end":{"line":19,"column":7}},"loc":{"start":{"line":19,"column":34},"end":{"line":44,"column":3}}},"2":{"name":"(anonymous_2)","decl":{"start":{"line":25,"column":17},"end":{"line":25,"column":18}},"loc":{"start":{"line":25,"column":30},"end":{"line":35,"column":5}}}},"branchMap":{"0":{"loc":{"start":{"line":27,"column":6},"end":{"line":34,"column":7}},"type":"if","locations":[{"start":{"line":27,"column":6},"end":{"line":34,"column":7}},{"start":{"line":32,"column":13},"end":{"line":34,"column":7}}]},"1":{"loc":{"start":{"line":30,"column":19},"end":{"line":30,"column":65}},"type":"binary-expr","locations":[{"start":{"line":30,"column":19},"end":{"line":30,"column":35}},{"start":{"line":30,"column":39},"end":{"line":30,"column":65}}]},"2":{"loc":{"start":{"line":32,"column":13},"end":{"line":34,"column":7}},"type":"if","locations":[{"start":{"line":32,"column":13},"end":{"line":34,"column":7}},{"start":{},"end":{}}]}},"s":{"0":1,"1":1,"2":2,"3":2,"4":2,"5":1,"6":1,"7":1,"8":3,"9":3,"10":2,"11":1,"12":1,"13":1,"14":1,"15":1},"f":{"0":2,"1":2,"2":3},"b":{"0":[2,1],"1":[2,0],"2":[1,0]}}
,"/home/thiagoananias/code/pessoal/claims-service/src/application/services/list_claims_service.ts": {"path":"/home/thiagoananias/code/pessoal/claims-service/src/application/services/list_claims_service.ts","statementMap":{"0":{"start":{"line":2,"column":0},"end":{"line":2,"column":81}},"1":{"start":{"line":5,"column":31},"end":{"line":5,"column":57}},"2":{"start":{"line":11,"column":35},"end":{"line":11,"column":62}},"3":{"start":{"line":12,"column":4},"end":{"line":14,"column":5}},"4":{"start":{"line":13,"column":6},"end":{"line":13,"column":48}},"5":{"start":{"line":16,"column":18},"end":{"line":16,"column":50}},"6":{"start":{"line":18,"column":27},"end":{"line":18,"column":75}},"7":{"start":{"line":18,"column":52},"end":{"line":18,"column":71}},"8":{"start":{"line":20,"column":4},"end":{"line":23,"column":6}},"9":{"start":{"line":4,"column":0},"end":{"line":4,"column":13}}},"fnMap":{"0":{"name":"(anonymous_0)","decl":{"start":{"line":5,"column":2},"end":{"line":5,"column":31}},"loc":{"start":{"line":5,"column":57},"end":{"line":5,"column":61}}},"1":{"name":"(anonymous_1)","decl":{"start":{"line":7,"column":2},"end":{"line":7,"column":7}},"loc":{"start":{"line":7,"column":26},"end":{"line":24,"column":3}}},"2":{"name":"(anonymous_2)","decl":{"start":{"line":18,"column":40},"end":{"line":18,"column":41}},"loc":{"start":{"line":18,"column":52},"end":{"line":18,"column":71}}}},"branchMap":{"0":{"loc":{"start":{"line":12,"column":4},"end":{"line":14,"column":5}},"type":"if","locations":[{"start":{"line":12,"column":4},"end":{"line":14,"column":5}},{"start":{},"end":{}}]},"1":{"loc":{"start":{"line":12,"column":8},"end":{"line":12,"column":23}},"type":"binary-expr","locations":[{"start":{"line":12,"column":8},"end":{"line":12,"column":11}},{"start":{"line":12,"column":15},"end":{"line":12,"column":23}}]},"2":{"loc":{"start":{"line":13,"column":22},"end":{"line":13,"column":46}},"type":"binary-expr","locations":[{"start":{"line":13,"column":22},"end":{"line":13,"column":27}},{"start":{"line":13,"column":31},"end":{"line":13,"column":46}}]}},"s":{"0":1,"1":3,"2":3,"3":3,"4":2,"5":1,"6":1,"7":2,"8":1,"9":1},"f":{"0":3,"1":3,"2":2},"b":{"0":[2,1],"1":[3,1],"2":[2,0]}}
,"/home/thiagoananias/code/pessoal/claims-service/src/domain/validators/claim_validator.ts": {"path":"/home/thiagoananias/code/pessoal/claims-service/src/domain/validators/claim_validator.ts","statementMap":{"0":{"start":{"line":10,"column":0},"end":{"line":10,"column":16}},"1":{"start":{"line":11,"column":84},"end":{"line":11,"column":96}},"2":{"start":{"line":13,"column":2},"end":{"line":13,"column":63}},"3":{"start":{"line":13,"column":16},"end":{"line":13,"column":63}},"4":{"start":{"line":14,"column":2},"end":{"line":14,"column":65}},"5":{"start":{"line":14,"column":17},"end":{"line":14,"column":65}},"6":{"start":{"line":15,"column":2},"end":{"line":15,"column":65}},"7":{"start":{"line":15,"column":17},"end":{"line":15,"column":65}},"8":{"start":{"line":16,"column":2},"end":{"line":16,"column":71}},"9":{"start":{"line":16,"column":20},"end":{"line":16,"column":71}},"10":{"start":{"line":17,"column":2},"end":{"line":17,"column":92}},"11":{"start":{"line":17,"column":41},"end":{"line":17,"column":92}},"12":{"start":{"line":19,"column":20},"end":{"line":19,"column":39}},"13":{"start":{"line":20,"column":2},"end":{"line":25,"column":3}},"14":{"start":{"line":21,"column":4},"end":{"line":24,"column":6}},"15":{"start":{"line":27,"column":16},"end":{"line":27,"column":32}},"16":{"start":{"line":28,"column":2},"end":{"line":30,"column":3}},"17":{"start":{"line":29,"column":4},"end":{"line":29,"column":62}},"18":{"start":{"line":31,"column":2},"end":{"line":33,"column":3}},"19":{"start":{"line":32,"column":4},"end":{"line":32,"column":71}},"20":{"start":{"line":35,"column":28},"end":{"line":35,"column":30}},"21":{"start":{"line":36,"column":2},"end":{"line":38,"column":3}},"22":{"start":{"line":37,"column":4},"end":{"line":37,"column":71}},"23":{"start":{"line":37,"column":61},"end":{"line":37,"column":69}},"24":{"start":{"line":40,"column":23},"end":{"line":47,"column":4}},"25":{"start":{"line":49,"column":2},"end":{"line":49,"column":29}}},"fnMap":{"0":{"name":"validateRowToClaim","decl":{"start":{"line":10,"column":16},"end":{"line":10,"column":34}},"loc":{"start":{"line":10,"column":60},"end":{"line":50,"column":1}}},"1":{"name":"(anonymous_1)","decl":{"start":{"line":37,"column":46},"end":{"line":37,"column":47}},"loc":{"start":{"line":37,"column":61},"end":{"line":37,"column":69}}}},"branchMap":{"0":{"loc":{"start":{"line":11,"column":84},"end":{"line":11,"column":96}},"type":"binary-expr","locations":[{"start":{"line":11,"column":84},"end":{"line":11,"column":90}},{"start":{"line":11,"column":94},"end":{"line":11,"column":96}}]},"1":{"loc":{"start":{"line":13,"column":2},"end":{"line":13,"column":63}},"type":"if","locations":[{"start":{"line":13,"column":2},"end":{"line":13,"column":63}},{"start":{},"end":{}}]},"2":{"loc":{"start":{"line":14,"column":2},"end":{"line":14,"column":65}},"type":"if","locations":[{"start":{"line":14,"column":2},"end":{"line":14,"column":65}},{"start":{},"end":{}}]},"3":{"loc":{"start":{"line":15,"column":2},"end":{"line":15,"column":65}},"type":"if","locations":[{"start":{"line":15,"column":2},"end":{"line":15,"column":65}},{"start":{},"end":{}}]},"4":{"loc":{"start":{"line":16,"column":2},"end":{"line":16,"column":71}},"type":"if","locations":[{"start":{"line":16,"column":2},"end":{"line":16,"column":71}},{"start":{},"end":{}}]},"5":{"loc":{"start":{"line":17,"column":2},"end":{"line":17,"column":92}},"type":"if","locations":[{"start":{"line":17,"column":2},"end":{"line":17,"column":92}},{"start":{},"end":{}}]},"6":{"loc":{"start":{"line":17,"column":6},"end":{"line":17,"column":39}},"type":"binary-expr","locations":[{"start":{"line":17,"column":6},"end":{"line":17,"column":18}},{"start":{"line":17,"column":22},"end":{"line":17,"column":39}}]},"7":{"loc":{"start":{"line":20,"column":2},"end":{"line":25,"column":3}},"type":"if","locations":[{"start":{"line":20,"column":2},"end":{"line":25,"column":3}},{"start":{},"end":{}}]},"8":{"loc":{"start":{"line":20,"column":6},"end":{"line":20,"column":52}},"type":"binary-expr","locations":[{"start":{"line":20,"column":6},"end":{"line":20,"column":34}},{"start":{"line":20,"column":38},"end":{"line":20,"column":52}}]},"9":{"loc":{"start":{"line":28,"column":2},"end":{"line":30,"column":3}},"type":"if","locations":[{"start":{"line":28,"column":2},"end":{"line":30,"column":3}},{"start":{},"end":{}}]},"10":{"loc":{"start":{"line":31,"column":2},"end":{"line":33,"column":3}},"type":"if","locations":[{"start":{"line":31,"column":2},"end":{"line":33,"column":3}},{"start":{},"end":{}}]},"11":{"loc":{"start":{"line":36,"column":2},"end":{"line":38,"column":3}},"type":"if","locations":[{"start":{"line":36,"column":2},"end":{"line":38,"column":3}},{"start":{},"end":{}}]},"12":{"loc":{"start":{"line":36,"column":6},"end":{"line":36,"column":52}},"type":"binary-expr","locations":[{"start":{"line":36,"column":6},"end":{"line":36,"column":20}},{"start":{"line":36,"column":24},"end":{"line":36,"column":52}}]}},"s":{"0":2,"1":14,"2":14,"3":2,"4":12,"5":1,"6":11,"7":1,"8":10,"9":1,"10":9,"11":1,"12":8,"13":8,"14":2,"15":6,"16":6,"17":1,"18":5,"19":2,"20":3,"21":3,"22":2,"23":4,"24":3,"25":3},"f":{"0":14,"1":4},"b":{"0":[14,1],"1":[2,12],"2":[1,11],"3":[1,10],"4":[1,9],"5":[1,8],"6":[9,1],"7":[2,6],"8":[8,8],"9":[1,5],"10":[2,3],"11":[2,1],"12":[3,2]}}
,"/home/thiagoananias/code/pessoal/claims-service/src/domain/validators/filters_validator.ts": {"path":"/home/thiagoananias/code/pessoal/claims-service/src/domain/validators/filters_validator.ts","statementMap":{"0":{"start":{"line":7,"column":0},"end":{"line":7,"column":16}},"1":{"start":{"line":12,"column":43},"end":{"line":12,"column":50}},"2":{"start":{"line":14,"column":22},"end":{"line":14,"column":66}},"3":{"start":{"line":14,"column":37},"end":{"line":14,"column":66}},"4":{"start":{"line":16,"column":2},"end":{"line":18,"column":3}},"5":{"start":{"line":17,"column":4},"end":{"line":17,"column":53}},"6":{"start":{"line":19,"column":2},"end":{"line":21,"column":3}},"7":{"start":{"line":20,"column":4},"end":{"line":20,"column":51}},"8":{"start":{"line":22,"column":2},"end":{"line":24,"column":3}},"9":{"start":{"line":23,"column":4},"end":{"line":23,"column":69}},"10":{"start":{"line":26,"column":2},"end":{"line":29,"column":4}}},"fnMap":{"0":{"name":"validateQueryFilters","decl":{"start":{"line":7,"column":16},"end":{"line":7,"column":36}},"loc":{"start":{"line":7,"column":43},"end":{"line":30,"column":1}}},"1":{"name":"(anonymous_1)","decl":{"start":{"line":14,"column":22},"end":{"line":14,"column":23}},"loc":{"start":{"line":14,"column":37},"end":{"line":14,"column":66}}}},"branchMap":{"0":{"loc":{"start":{"line":12,"column":43},"end":{"line":12,"column":50}},"type":"binary-expr","locations":[{"start":{"line":12,"column":43},"end":{"line":12,"column":44}},{"start":{"line":12,"column":48},"end":{"line":12,"column":50}}]},"1":{"loc":{"start":{"line":16,"column":2},"end":{"line":18,"column":3}},"type":"if","locations":[{"start":{"line":16,"column":2},"end":{"line":18,"column":3}},{"start":{},"end":{}}]},"2":{"loc":{"start":{"line":16,"column":6},"end":{"line":16,"column":52}},"type":"binary-expr","locations":[{"start":{"line":16,"column":6},"end":{"line":16,"column":15}},{"start":{"line":16,"column":19},"end":{"line":16,"column":52}}]},"3":{"loc":{"start":{"line":19,"column":2},"end":{"line":21,"column":3}},"type":"if","locations":[{"start":{"line":19,"column":2},"end":{"line":21,"column":3}},{"start":{},"end":{}}]},"4":{"loc":{"start":{"line":19,"column":6},"end":{"line":19,"column":48}},"type":"binary-expr","locations":[{"start":{"line":19,"column":6},"end":{"line":19,"column":13}},{"start":{"line":19,"column":17},"end":{"line":19,"column":48}}]},"5":{"loc":{"start":{"line":22,"column":2},"end":{"line":24,"column":3}},"type":"if","locations":[{"start":{"line":22,"column":2},"end":{"line":24,"column":3}},{"start":{},"end":{}}]},"6":{"loc":{"start":{"line":22,"column":6},"end":{"line":22,"column":49}},"type":"binary-expr","locations":[{"start":{"line":22,"column":6},"end":{"line":22,"column":15}},{"start":{"line":22,"column":19},"end":{"line":22,"column":26}},{"start":{"line":22,"column":30},"end":{"line":22,"column":49}}]}},"s":{"0":2,"1":8,"2":8,"3":11,"4":8,"5":2,"6":6,"7":1,"8":5,"9":2,"10":3},"f":{"0":8,"1":11},"b":{"0":[8,1],"1":[2,6],"2":[8,6],"3":[1,5],"4":[6,5],"5":[2,3],"6":[5,4,4]}}
}
