TN:
SF:src/application/services/get_claim_by_id_service.ts
FN:4,(anonymous_0)
FN:6,(anonymous_1)
FNF:2
FNH:2
FNDA:3,(anonymous_0)
FNDA:3,(anonymous_1)
DA:3,1
DA:4,3
DA:7,3
DA:8,1
DA:11,2
DA:12,2
DA:13,1
DA:14,1
DA:15,1
DA:18,1
LF:10
LH:10
BRDA:7,0,0,1
BRDA:7,0,1,2
BRDA:12,1,0,1
BRDA:12,1,1,1
BRF:4
BRH:4
end_of_record
TN:
SF:src/application/services/ingest_claims_service.ts
FN:14,(anonymous_0)
FN:19,(anonymous_1)
FN:25,(anonymous_2)
FNF:3
FNH:3
FNDA:2,(anonymous_0)
FNDA:2,(anonymous_1)
FNDA:3,(anonymous_2)
DA:3,1
DA:4,1
DA:13,1
DA:15,2
DA:16,2
DA:20,2
DA:22,1
DA:23,1
DA:25,1
DA:26,3
DA:27,3
DA:28,2
DA:32,1
DA:33,1
DA:37,1
DA:39,1
LF:16
LH:16
BRDA:27,0,0,2
BRDA:27,0,1,1
BRDA:30,1,0,2
BRDA:30,1,1,0
BRDA:32,2,0,1
BRDA:32,2,1,0
BRF:6
BRH:4
end_of_record
TN:
SF:src/application/services/list_claims_service.ts
FN:5,(anonymous_0)
FN:7,(anonymous_1)
FN:18,(anonymous_2)
FNF:3
FNH:3
FNDA:3,(anonymous_0)
FNDA:3,(anonymous_1)
FNDA:2,(anonymous_2)
DA:2,1
DA:4,1
DA:5,3
DA:11,3
DA:12,3
DA:13,2
DA:16,1
DA:18,2
DA:20,1
LF:9
LH:9
BRDA:12,0,0,2
BRDA:12,0,1,1
BRDA:12,1,0,3
BRDA:12,1,1,1
BRDA:13,2,0,2
BRDA:13,2,1,0
BRF:6
BRH:5
end_of_record
TN:
SF:src/domain/validators/claim_validator.ts
FN:10,validateRowToClaim
FN:37,(anonymous_1)
FNF:2
FNH:2
FNDA:14,validateRowToClaim
FNDA:4,(anonymous_1)
DA:10,2
DA:11,14
DA:13,14
DA:14,12
DA:15,11
DA:16,10
DA:17,9
DA:19,8
DA:20,8
DA:21,2
DA:27,6
DA:28,6
DA:29,1
DA:31,5
DA:32,2
DA:35,3
DA:36,3
DA:37,4
DA:40,3
DA:49,3
LF:20
LH:20
BRDA:11,0,0,14
BRDA:11,0,1,1
BRDA:13,1,0,2
BRDA:13,1,1,12
BRDA:14,2,0,1
BRDA:14,2,1,11
BRDA:15,3,0,1
BRDA:15,3,1,10
BRDA:16,4,0,1
BRDA:16,4,1,9
BRDA:17,5,0,1
BRDA:17,5,1,8
BRDA:17,6,0,9
BRDA:17,6,1,1
BRDA:20,7,0,2
BRDA:20,7,1,6
BRDA:20,8,0,8
BRDA:20,8,1,8
BRDA:28,9,0,1
BRDA:28,9,1,5
BRDA:31,10,0,2
BRDA:31,10,1,3
BRDA:36,11,0,2
BRDA:36,11,1,1
BRDA:36,12,0,3
BRDA:36,12,1,2
BRF:26
BRH:26
end_of_record
TN:
SF:src/domain/validators/filters_validator.ts
FN:7,validateQueryFilters
FN:14,(anonymous_1)
FNF:2
FNH:2
FNDA:8,validateQueryFilters
FNDA:11,(anonymous_1)
DA:7,2
DA:12,8
DA:14,11
DA:16,8
DA:17,2
DA:19,6
DA:20,1
DA:22,5
DA:23,2
DA:26,3
LF:10
LH:10
BRDA:12,0,0,8
BRDA:12,0,1,1
BRDA:16,1,0,2
BRDA:16,1,1,6
BRDA:16,2,0,8
BRDA:16,2,1,6
BRDA:19,3,0,1
BRDA:19,3,1,5
BRDA:19,4,0,6
BRDA:19,4,1,5
BRDA:22,5,0,2
BRDA:22,5,1,3
BRDA:22,6,0,5
BRDA:22,6,1,4
BRDA:22,6,2,4
BRF:15
BRH:15
end_of_record
